0 info it worked if it ends with ok
1 verbose cli [ '/usr/local/bin/node',
1 verbose cli   '/Users/rogertafoya/.npm-packages/bin/npm',
1 verbose cli   'install',
1 verbose cli   'node',
1 verbose cli   '4.1.1',
1 verbose cli   '--save' ]
2 info using npm@3.8.5
3 info using node@v4.4.2
4 silly loadCurrentTree Starting
5 silly install loadCurrentTree
6 silly install readLocalPackageData
7 silly fetchPackageMetaData node
8 silly fetchPackageMetaData 4.1.1
9 silly fetchNamedPackageData node
10 silly mapToRegistry name node
11 silly mapToRegistry using default registry
12 silly mapToRegistry registry https://registry.npmjs.org/
13 silly mapToRegistry data Result {
13 silly mapToRegistry   raw: 'node',
13 silly mapToRegistry   scope: null,
13 silly mapToRegistry   name: 'node',
13 silly mapToRegistry   rawSpec: '',
13 silly mapToRegistry   spec: 'latest',
13 silly mapToRegistry   type: 'tag' }
14 silly mapToRegistry uri https://registry.npmjs.org/node
15 silly fetchNamedPackageData 4.1.1
16 silly mapToRegistry name 4.1.1
17 silly mapToRegistry using default registry
18 silly mapToRegistry registry https://registry.npmjs.org/
19 silly mapToRegistry data Result {
19 silly mapToRegistry   raw: '4.1.1',
19 silly mapToRegistry   scope: null,
19 silly mapToRegistry   name: '4.1.1',
19 silly mapToRegistry   rawSpec: '',
19 silly mapToRegistry   spec: 'latest',
19 silly mapToRegistry   type: 'tag' }
20 silly mapToRegistry uri https://registry.npmjs.org/4.1.1
21 verbose request uri https://registry.npmjs.org/4.1.1
22 verbose request no auth needed
23 info attempt registry request try #1 at 3:49:07 PM
24 verbose request id a8b8737da33a78f6
25 http request GET https://registry.npmjs.org/4.1.1
26 verbose request uri https://registry.npmjs.org/node
27 verbose request no auth needed
28 info attempt registry request try #1 at 3:49:07 PM
29 verbose etag "4RB0I162TMBFF7IWMPCBRMD3L"
30 http request GET https://registry.npmjs.org/node
31 http 404 https://registry.npmjs.org/4.1.1
32 verbose headers { 'content-type': 'application/json',
32 verbose headers   'cache-control': 'max-age=0',
32 verbose headers   'content-length': '2',
32 verbose headers   'accept-ranges': 'bytes',
32 verbose headers   date: 'Tue, 07 Jun 2016 22:49:14 GMT',
32 verbose headers   via: '1.1 varnish',
32 verbose headers   age: '0',
32 verbose headers   connection: 'keep-alive',
32 verbose headers   'x-served-by': 'cache-lax1426-LAX',
32 verbose headers   'x-cache': 'MISS',
32 verbose headers   'x-cache-hits': '0',
32 verbose headers   'x-timer': 'S1465339754.441043,VS0,VE88',
32 verbose headers   vary: 'Accept-Encoding' }
33 silly get cb [ 404,
33 silly get   { 'content-type': 'application/json',
33 silly get     'cache-control': 'max-age=0',
33 silly get     'content-length': '2',
33 silly get     'accept-ranges': 'bytes',
33 silly get     date: 'Tue, 07 Jun 2016 22:49:14 GMT',
33 silly get     via: '1.1 varnish',
33 silly get     age: '0',
33 silly get     connection: 'keep-alive',
33 silly get     'x-served-by': 'cache-lax1426-LAX',
33 silly get     'x-cache': 'MISS',
33 silly get     'x-cache-hits': '0',
33 silly get     'x-timer': 'S1465339754.441043,VS0,VE88',
33 silly get     vary: 'Accept-Encoding' } ]
34 silly fetchPackageMetaData Error: Registry returned 404 for GET on https://registry.npmjs.org/4.1.1
34 silly fetchPackageMetaData     at makeError (/Users/rogertafoya/.npm-packages/lib/node_modules/npm/node_modules/npm-registry-client/lib/request.js:264:12)
34 silly fetchPackageMetaData     at CachingRegistryClient.<anonymous> (/Users/rogertafoya/.npm-packages/lib/node_modules/npm/node_modules/npm-registry-client/lib/request.js:242:14)
34 silly fetchPackageMetaData     at Request._callback (/Users/rogertafoya/.npm-packages/lib/node_modules/npm/node_modules/npm-registry-client/lib/request.js:172:14)
34 silly fetchPackageMetaData     at Request.self.callback (/Users/rogertafoya/.npm-packages/lib/node_modules/npm/node_modules/request/request.js:199:22)
34 silly fetchPackageMetaData     at emitTwo (events.js:87:13)
34 silly fetchPackageMetaData     at Request.emit (events.js:172:7)
34 silly fetchPackageMetaData     at Request.<anonymous> (/Users/rogertafoya/.npm-packages/lib/node_modules/npm/node_modules/request/request.js:1036:10)
34 silly fetchPackageMetaData     at emitOne (events.js:82:20)
34 silly fetchPackageMetaData     at Request.emit (events.js:169:7)
34 silly fetchPackageMetaData     at IncomingMessage.<anonymous> (/Users/rogertafoya/.npm-packages/lib/node_modules/npm/node_modules/request/request.js:963:12)
34 silly fetchPackageMetaData  error for 4.1.1 { [Error: Registry returned 404 for GET on https://registry.npmjs.org/4.1.1] pkgid: '4.1.1', statusCode: 404, code: 'E404' }
35 http 304 https://registry.npmjs.org/node
36 verbose headers { date: 'Tue, 07 Jun 2016 22:49:14 GMT',
36 verbose headers   via: '1.1 varnish',
36 verbose headers   'cache-control': 'max-age=300',
36 verbose headers   etag: '"4RB0I162TMBFF7IWMPCBRMD3L"',
36 verbose headers   age: '0',
36 verbose headers   connection: 'keep-alive',
36 verbose headers   'x-served-by': 'cache-lax1432-LAX',
36 verbose headers   'x-cache': 'HIT',
36 verbose headers   'x-cache-hits': '1',
36 verbose headers   'x-timer': 'S1465339754.441168,VS0,VE172',
36 verbose headers   vary: 'Accept-Encoding' }
37 silly get cb [ 304,
37 silly get   { date: 'Tue, 07 Jun 2016 22:49:14 GMT',
37 silly get     via: '1.1 varnish',
37 silly get     'cache-control': 'max-age=300',
37 silly get     etag: '"4RB0I162TMBFF7IWMPCBRMD3L"',
37 silly get     age: '0',
37 silly get     connection: 'keep-alive',
37 silly get     'x-served-by': 'cache-lax1432-LAX',
37 silly get     'x-cache': 'HIT',
37 silly get     'x-cache-hits': '1',
37 silly get     'x-timer': 'S1465339754.441168,VS0,VE172',
37 silly get     vary: 'Accept-Encoding' } ]
38 verbose etag https://registry.npmjs.org/node from cache
39 verbose get saving node to /Users/rogertafoya/.npm/registry.npmjs.org/node/.cache.json
40 verbose correctMkdir /Users/rogertafoya/.npm correctMkdir not in flight; initializing
41 silly rollbackFailedOptional Starting
42 silly rollbackFailedOptional Finishing
43 silly runTopLevelLifecycles Starting
44 silly runTopLevelLifecycles Finishing
45 silly install printInstalled
46 verbose stack Error: Registry returned 404 for GET on https://registry.npmjs.org/4.1.1
46 verbose stack     at makeError (/Users/rogertafoya/.npm-packages/lib/node_modules/npm/node_modules/npm-registry-client/lib/request.js:264:12)
46 verbose stack     at CachingRegistryClient.<anonymous> (/Users/rogertafoya/.npm-packages/lib/node_modules/npm/node_modules/npm-registry-client/lib/request.js:242:14)
46 verbose stack     at Request._callback (/Users/rogertafoya/.npm-packages/lib/node_modules/npm/node_modules/npm-registry-client/lib/request.js:172:14)
46 verbose stack     at Request.self.callback (/Users/rogertafoya/.npm-packages/lib/node_modules/npm/node_modules/request/request.js:199:22)
46 verbose stack     at emitTwo (events.js:87:13)
46 verbose stack     at Request.emit (events.js:172:7)
46 verbose stack     at Request.<anonymous> (/Users/rogertafoya/.npm-packages/lib/node_modules/npm/node_modules/request/request.js:1036:10)
46 verbose stack     at emitOne (events.js:82:20)
46 verbose stack     at Request.emit (events.js:169:7)
46 verbose stack     at IncomingMessage.<anonymous> (/Users/rogertafoya/.npm-packages/lib/node_modules/npm/node_modules/request/request.js:963:12)
47 verbose statusCode 404
48 verbose pkgid 4.1.1
49 verbose cwd /Users/rogertafoya/Desktop/node/node_chat
50 error Darwin 14.5.0
51 error argv "/usr/local/bin/node" "/Users/rogertafoya/.npm-packages/bin/npm" "install" "node" "4.1.1" "--save"
52 error node v4.4.2
53 error npm  v3.8.5
54 error code E404
55 error 404 Registry returned 404 for GET on https://registry.npmjs.org/4.1.1
56 error 404
57 error 404 '4.1.1' is not in the npm registry.
58 error 404 You should bug the author to publish it (or use the name yourself!)
59 error 404 Note that you can also install from a
60 error 404 tarball, folder, http url, or git url.
61 verbose exit [ 1, true ]
